<?xml version="1.0" encoding="UTF-8"?>
<testsuite name="com.eoa.webapp.main.MainApplicationTests" tests="1" skipped="0" failures="0" errors="0" timestamp="2025-02-16T01:28:25" hostname="ETHAN" time="0.509">
  <properties/>
  <testcase name="contextLoads()" classname="com.eoa.webapp.main.MainApplicationTests" time="0.509"/>
  <system-out><![CDATA[10:28:20.688 [Test worker] INFO org.springframework.test.context.support.AnnotationConfigContextLoaderUtils -- Could not detect default configuration classes for test class [com.eoa.webapp.main.MainApplicationTests]: MainApplicationTests does not declare any static, non-private, non-final, nested classes annotated with @Configuration.
10:28:20.785 [Test worker] INFO org.springframework.boot.test.context.SpringBootTestContextBootstrapper -- Found @SpringBootConfiguration com.eoa.webapp.main.MainApplication for test class com.eoa.webapp.main.MainApplicationTests

  .   ____          _            __ _ _
 /\\ / ___'_ __ _ _(_)_ __  __ _ \ \ \ \
( ( )\___ | '_ | '_| | '_ \/ _` | \ \ \ \
 \\/  ___)| |_)| | | | | || (_| |  ) ) ) )
  '  |____| .__|_| |_|_| |_\__, | / / / /
 =========|_|==============|___/=/_/_/_/

 :: Spring Boot ::                (v3.4.2)

2025-02-16T10:28:21.201+09:00  INFO 12624 --- [common] [    Test worker] c.eoa.webapp.main.MainApplicationTests   : Starting MainApplicationTests using Java 17.0.14 with PID 12624 (started by pikas in C:\WorkSpace\eoa-dev\eoa-webapp\webapp-01-main)
2025-02-16T10:28:21.202+09:00  INFO 12624 --- [common] [    Test worker] c.eoa.webapp.main.MainApplicationTests   : The following 1 profile is active: "local"
2025-02-16T10:28:21.810+09:00  INFO 12624 --- [common] [    Test worker] .s.d.r.c.RepositoryConfigurationDelegate : Bootstrapping Spring Data JDBC repositories in DEFAULT mode.
2025-02-16T10:28:21.833+09:00  INFO 12624 --- [common] [    Test worker] .s.d.r.c.RepositoryConfigurationDelegate : Finished Spring Data repository scanning in 13 ms. Found 0 JDBC repository interfaces.
2025-02-16T10:28:22.071+09:00  INFO 12624 --- [common] [    Test worker] o.s.cloud.context.scope.GenericScope     : BeanFactory id=00bad7ed-8ae7-363a-bd29-28d8201d8977
2025-02-16T10:28:22.669+09:00  INFO 12624 --- [common] [    Test worker] com.zaxxer.hikari.HikariDataSource       : HikariPool-1 - Starting...
2025-02-16T10:28:23.239+09:00  INFO 12624 --- [common] [    Test worker] com.zaxxer.hikari.pool.HikariPool        : HikariPool-1 - Added connection org.postgresql.jdbc.PgConnection@55e42684
2025-02-16T10:28:23.240+09:00  INFO 12624 --- [common] [    Test worker] com.zaxxer.hikari.HikariDataSource       : HikariPool-1 - Start completed.
2025-02-16T10:28:24.021+09:00  INFO 12624 --- [common] [    Test worker] c.g.c.s.core.DefaultCredentialsProvider  : Default credentials provider for user 764086051850-6qr4p6gpi6hn506pt8ejuq83di341hur.apps.googleusercontent.com
2025-02-16T10:28:24.022+09:00  INFO 12624 --- [common] [    Test worker] c.g.c.s.core.DefaultCredentialsProvider  : Scopes in use by default credentials: [https://www.googleapis.com/auth/pubsub, https://www.googleapis.com/auth/spanner.admin, https://www.googleapis.com/auth/spanner.data, https://www.googleapis.com/auth/datastore, https://www.googleapis.com/auth/sqlservice.admin, https://www.googleapis.com/auth/devstorage.read_only, https://www.googleapis.com/auth/devstorage.read_write, https://www.googleapis.com/auth/cloudruntimeconfig, https://www.googleapis.com/auth/trace.append, https://www.googleapis.com/auth/cloud-platform, https://www.googleapis.com/auth/cloud-vision, https://www.googleapis.com/auth/bigquery, https://www.googleapis.com/auth/monitoring.write]
2025-02-16T10:28:24.077+09:00  INFO 12624 --- [common] [    Test worker] c.g.c.s.a.c.GcpContextAutoConfiguration  : The default project ID is webapp-dev-mark01
2025-02-16T10:28:25.051+09:00  WARN 12624 --- [common] [    Test worker] .s.s.UserDetailsServiceAutoConfiguration : 

Using generated security password: c9927689-3abe-4d7c-969c-7e8d4de83b4c

This generated password is for development use only. Your security configuration must be updated before running your application in production.

2025-02-16T10:28:25.061+09:00  INFO 12624 --- [common] [    Test worker] r$InitializeUserDetailsManagerConfigurer : Global AuthenticationManager configured with UserDetailsService bean with name inMemoryUserDetailsManager
2025-02-16T10:28:25.204+09:00  INFO 12624 --- [common] [    Test worker] c.eoa.webapp.main.MainApplicationTests   : Started MainApplicationTests in 4.283 seconds (process running for 5.244)
]]></system-out>
  <system-err><![CDATA[]]></system-err>
</testsuite>
