<?xml version="1.0" encoding="UTF-8"?>
<testsuite name="com.eoa.webapp.main.MainApplicationTests" tests="1" skipped="0" failures="0" errors="0" timestamp="2025-02-15T14:35:24" hostname="ETHAN" time="0.561">
  <properties/>
  <testcase name="contextLoads()" classname="com.eoa.webapp.main.MainApplicationTests" time="0.561"/>
  <system-out><![CDATA[23:35:19.598 [Test worker] INFO org.springframework.test.context.support.AnnotationConfigContextLoaderUtils -- Could not detect default configuration classes for test class [com.eoa.webapp.main.MainApplicationTests]: MainApplicationTests does not declare any static, non-private, non-final, nested classes annotated with @Configuration.
23:35:19.715 [Test worker] INFO org.springframework.boot.test.context.SpringBootTestContextBootstrapper -- Found @SpringBootConfiguration com.eoa.webapp.main.MainApplication for test class com.eoa.webapp.main.MainApplicationTests

  .   ____          _            __ _ _
 /\\ / ___'_ __ _ _(_)_ __  __ _ \ \ \ \
( ( )\___ | '_ | '_| | '_ \/ _` | \ \ \ \
 \\/  ___)| |_)| | | | | || (_| |  ) ) ) )
  '  |____| .__|_| |_|_| |_\__, | / / / /
 =========|_|==============|___/=/_/_/_/

 :: Spring Boot ::                (v3.4.2)

2025-02-15T23:35:20.252+09:00  INFO 10000 --- [    Test worker] c.eoa.webapp.main.MainApplicationTests   : Starting MainApplicationTests using Java 17.0.14 with PID 10000 (started by pikas in C:\WorkSpace\eoa-dev\eoa-webapp\webapp-01-main)
2025-02-15T23:35:20.254+09:00  INFO 10000 --- [    Test worker] c.eoa.webapp.main.MainApplicationTests   : The following 1 profile is active: "local"
2025-02-15T23:35:20.987+09:00  INFO 10000 --- [    Test worker] .s.d.r.c.RepositoryConfigurationDelegate : Bootstrapping Spring Data JDBC repositories in DEFAULT mode.
2025-02-15T23:35:21.011+09:00  INFO 10000 --- [    Test worker] .s.d.r.c.RepositoryConfigurationDelegate : Finished Spring Data repository scanning in 14 ms. Found 0 JDBC repository interfaces.
2025-02-15T23:35:21.263+09:00  INFO 10000 --- [    Test worker] o.s.cloud.context.scope.GenericScope     : BeanFactory id=7974322d-67a8-3416-bb05-7f4ec3b6f6f6
2025-02-15T23:35:22.013+09:00  INFO 10000 --- [    Test worker] com.zaxxer.hikari.HikariDataSource       : HikariPool-1 - Starting...
2025-02-15T23:35:22.514+09:00  INFO 10000 --- [    Test worker] com.zaxxer.hikari.pool.HikariPool        : HikariPool-1 - Added connection org.postgresql.jdbc.PgConnection@443af394
2025-02-15T23:35:22.516+09:00  INFO 10000 --- [    Test worker] com.zaxxer.hikari.HikariDataSource       : HikariPool-1 - Start completed.
2025-02-15T23:35:23.455+09:00  INFO 10000 --- [    Test worker] c.g.c.s.core.DefaultCredentialsProvider  : Default credentials provider for user 764086051850-6qr4p6gpi6hn506pt8ejuq83di341hur.apps.googleusercontent.com
2025-02-15T23:35:23.456+09:00  INFO 10000 --- [    Test worker] c.g.c.s.core.DefaultCredentialsProvider  : Scopes in use by default credentials: [https://www.googleapis.com/auth/pubsub, https://www.googleapis.com/auth/spanner.admin, https://www.googleapis.com/auth/spanner.data, https://www.googleapis.com/auth/datastore, https://www.googleapis.com/auth/sqlservice.admin, https://www.googleapis.com/auth/devstorage.read_only, https://www.googleapis.com/auth/devstorage.read_write, https://www.googleapis.com/auth/cloudruntimeconfig, https://www.googleapis.com/auth/trace.append, https://www.googleapis.com/auth/cloud-platform, https://www.googleapis.com/auth/cloud-vision, https://www.googleapis.com/auth/bigquery, https://www.googleapis.com/auth/monitoring.write]
2025-02-15T23:35:23.562+09:00  INFO 10000 --- [    Test worker] c.g.c.s.a.c.GcpContextAutoConfiguration  : The default project ID is webapp-dev-mark01
2025-02-15T23:35:24.803+09:00  INFO 10000 --- [    Test worker] c.eoa.webapp.main.MainApplicationTests   : Started MainApplicationTests in 4.915 seconds (process running for 6.115)
]]></system-out>
  <system-err><![CDATA[]]></system-err>
</testsuite>
